<?xml version="1.0" encoding="UTF-8"?>
<!-- Generated by org.testng.reporters.JUnitReportReporter -->
<testsuite hostname="DESKTOP-0ET8UQQ" failures="0" tests="5" name="vtiger.Practice.DataProviderPractice" time="0.051" errors="0" timestamp="2023-03-27T10:56:21 IST" skipped="0">
  <testcase classname="vtiger.Practice.DataProviderPractice" name="addToCart" time="0.023"/>
  <system-out/>
  <testcase classname="vtiger.Practice.DataProviderPractice" name="addToCart" time="0.005"/>
  <system-out/>
  <testcase classname="vtiger.Practice.DataProviderPractice" name="addToCart" time="0.004"/>
  <system-out/>
  <testcase classname="vtiger.Practice.DataProviderPractice" name="addToCart" time="0.004"/>
  <system-out/>
  <testcase classname="vtiger.Practice.DataProviderPractice" name="addToCart" time="0.015"/>
  <system-out/>
</testsuite> <!-- vtiger.Practice.DataProviderPractice -->
