<?xml version="1.0" encoding="UTF-8"?>
<!-- Generated by org.testng.reporters.JUnitReportReporter -->
<testsuite hostname="DESKTOP-0ET8UQQ" failures="0" tests="2" name="vtiger.Organization.Tests.CreateOrganizationTest" time="22.862" errors="0" timestamp="2023-04-04T11:44:27 IST" skipped="0">
  <testcase classname="vtiger.Organization.Tests.CreateOrganizationTest" name="createOrgTest" time="15.294"/>
  <system-out>
    <![CDATA[navigated to organizations link
clicked on Organization look up
Organization created]]>
  </system-out>
  <testcase classname="vtiger.Organization.Tests.CreateOrganizationTest" name="demo" time="7.568"/>
  <system-out/>
</testsuite> <!-- vtiger.Organization.Tests.CreateOrganizationTest -->
