<?xml version="1.0" encoding="UTF-8"?>
<!-- Generated by org.testng.reporters.JUnitReportReporter -->
<testsuite hostname="DESKTOP-0ET8UQQ" failures="0" tests="4" name="vtiger.Organization.Tests.CreateMultipleOrgTest" time="74.282" errors="0" timestamp="2023-04-05T11:31:20 IST" skipped="0">
  <testcase classname="vtiger.Organization.Tests.CreateMultipleOrgTest" name="createOrgTest" time="14.638"/>
  <system-out/>
  <testcase classname="vtiger.Organization.Tests.CreateMultipleOrgTest" name="createOrgTest" time="16.133"/>
  <system-out/>
  <testcase classname="vtiger.Organization.Tests.CreateMultipleOrgTest" name="createOrgTest" time="14.564"/>
  <system-out/>
  <testcase classname="vtiger.Organization.Tests.CreateMultipleOrgTest" name="createOrgTest" time="28.947"/>
  <system-out/>
</testsuite> <!-- vtiger.Organization.Tests.CreateMultipleOrgTest -->
